<?xml version="1.0" encoding="UTF-8"?>
<!-- Generated by org.testng.reporters.JUnitReportReporter -->
<testsuite hostname="DESKTOP-C9KS7J1" failures="0" tests="1" name="PS2" time="0.011" errors="0" timestamp="2024-04-08T21:14:25 EDT" skipped="0">
  <testcase classname="PS2" name="testRun" time="0.011"/>
  <system-out/>
</testsuite> <!-- PS2 -->
